<?xml version="1.0" encoding="UTF-8"?>
<!-- Generated by org.testng.reporters.JUnitXMLReporter -->
<testsuite hostname="HDC4-D-396YQG2" ignored="1" name="Default test" tests="2" failures="0" timestamp="29 Oct 2019 11:40:51 GMT" time="0.091" errors="0">
  <testcase name="login2" time="0.026" classname="mavenPackage.Invocation"/>
  <testcase name="login3" time="0.003" classname="mavenPackage.Invocation"/>
  <testcase name="login" time="0.0" classname="mavenPackage.Invocation">
    <ignored/>
  </testcase> <!-- login -->
</testsuite> <!-- Default test -->
