<?xml version="1.0" encoding="UTF-8"?>
<!-- Generated by org.testng.reporters.JUnitXMLReporter -->
<testsuite hostname="HDC4-D-396YQG2" ignored="1" name="Test" tests="3" failures="0" timestamp="29 Oct 2019 12:28:32 GMT" time="0.085" errors="0">
  <testcase name="login2" time="0.018" classname="mavenPackage.Invocation"/>
  <testcase name="login3" time="0.005" classname="mavenPackage.Invocation"/>
  <testcase name="login4" time="0.002" classname="mavenPackage.Invocation"/>
  <testcase name="login" time="0.0" classname="mavenPackage.Invocation">
    <ignored/>
  </testcase> <!-- login -->
</testsuite> <!-- Test -->
