<?xml version="1.0" encoding="UTF-8"?>
<testng-results skipped="0" failed="0" ignored="1" total="4" passed="3">
  <reporter-output>
  </reporter-output>
  <suite name="Suite" duration-ms="85" started-at="2019-10-29T12:28:31Z" finished-at="2019-10-29T12:28:31Z">
    <groups>
      <group name="Sanity">
        <method signature="Invocation.login2()[pri:0, instance:mavenPackage.Invocation@475530b9]" name="login2" class="mavenPackage.Invocation"/>
        <method signature="Invocation.login3()[pri:0, instance:mavenPackage.Invocation@475530b9]" name="login3" class="mavenPackage.Invocation"/>
      </group> <!-- Sanity -->
      <group name="Smoke">
        <method signature="Invocation.login2()[pri:0, instance:mavenPackage.Invocation@475530b9]" name="login2" class="mavenPackage.Invocation"/>
        <method signature="Invocation.login4()[pri:0, instance:mavenPackage.Invocation@475530b9]" name="login4" class="mavenPackage.Invocation"/>
      </group> <!-- Smoke -->
    </groups>
    <test name="Test" duration-ms="85" started-at="2019-10-29T12:28:31Z" finished-at="2019-10-29T12:28:31Z">
      <class name="mavenPackage.Invocation">
        <test-method status="PASS" signature="login2()[pri:0, instance:mavenPackage.Invocation@475530b9]" name="login2" duration-ms="18" started-at="2019-10-29T12:28:31Z" finished-at="2019-10-29T12:28:31Z">
          <reporter-output>
          </reporter-output>
        </test-method> <!-- login2 -->
        <test-method status="PASS" signature="login3()[pri:0, instance:mavenPackage.Invocation@475530b9]" name="login3" duration-ms="5" started-at="2019-10-29T12:28:31Z" finished-at="2019-10-29T12:28:31Z">
          <reporter-output>
          </reporter-output>
        </test-method> <!-- login3 -->
        <test-method status="PASS" signature="login4()[pri:0, instance:mavenPackage.Invocation@475530b9]" name="login4" duration-ms="2" started-at="2019-10-29T12:28:31Z" finished-at="2019-10-29T12:28:31Z">
          <reporter-output>
          </reporter-output>
        </test-method> <!-- login4 -->
      </class> <!-- mavenPackage.Invocation -->
    </test> <!-- Test -->
  </suite> <!-- Suite -->
</testng-results>
